<?xml version="1.0" encoding="UTF-8"?><testsuite name="Firefox_390_Linux.model" errors="0" failures="0" tests="1" time="0.0">
<testcase classname="Firefox_390_Linux.model" name="test test_modelInitialize" time="0.0"/>
</testsuite>
