<?xml version="1.0" encoding="UTF-8"?><testsuite name="Chrome_45024480_Windows.user" errors="0" failures="0" tests="4" time="0.0">
<testcase classname="Chrome_45024480_Windows.user" name="test test_userGetter" time="0.0"/>
<testcase classname="Chrome_45024480_Windows.user" name="test test_userSetter" time="0.0"/>
<testcase classname="Chrome_45024480_Windows.user" name="test test_usersEquals" time="0.0"/>
<testcase classname="Chrome_45024480_Windows.user" name="test test_usersNotEquals" time="0.0"/>
</testsuite>
