<?xml version="1.0" encoding="UTF-8"?><testsuite name="Chrome_45024480_Windows.messageListView" errors="0" failures="0" tests="1" time="0.002">
<testcase classname="Chrome_45024480_Windows.messageListView" name="test test_messageListViewAppend" time="0.002"/>
</testsuite>
