<?xml version="1.0" encoding="UTF-8"?><testsuite name="Chrome_45024480_Windows.userListView" errors="0" failures="0" tests="1" time="0.002">
<testcase classname="Chrome_45024480_Windows.userListView" name="test test_userListViewAppendDefault" time="0.002"/>
</testsuite>
