<?xml version="1.0" encoding="UTF-8"?><testsuite name="Firefox_390_Linux.userListView" errors="0" failures="0" tests="1" time="0.002">
<testcase classname="Firefox_390_Linux.userListView" name="test test_userListViewAppendDefault" time="0.002"/>
</testsuite>
